<?xml version="1.0" encoding="UTF-8"?>
<!-- Generated by org.testng.reporters.JUnitXMLReporter -->
<testsuite hostname="Sanjays-MacBook-Air.local" ignored="2" name="Test" tests="2" failures="1" timestamp="15 Apr 2019 00:32:10 GMT" time="8.052" errors="0">
  <testcase name="tc001" time="7.989" classname="org.chl.testcases.Landing_page_test"/>
  <testcase name="tc001" time="0.004" classname="org.chl.testcases.Property_List_page_test">
    <failure type="java.lang.NullPointerException">
      <![CDATA[java.lang.NullPointerException
at org.chl.pages.Property_list_page.property_list(Property_list_page.java:19)
at org.chl.testcases.Property_List_page_test.tc001(Property_List_page_test.java:12)
... Removed 25 stack frames]]>
    </failure>
  </testcase> <!-- tc001 -->
  <testcase name="@AfterSuite closeBrowser" time="0.0" classname="org.chl.base.CreateDriver">
    <ignored/>
  </testcase> <!-- @AfterSuite closeBrowser -->
  <testcase name="@BeforeSuite startBrowser" time="0.0" classname="org.chl.base.CreateDriver">
    <ignored/>
  </testcase> <!-- @BeforeSuite startBrowser -->
</testsuite> <!-- Test -->
