<?xml version="1.0" encoding="UTF-8"?>
<testng-results skipped="0" failed="1" ignored="2" total="4" passed="1">
  <reporter-output>
  </reporter-output>
  <suite name="Suite" duration-ms="8052" started-at="2019-04-15T00:31:57Z" finished-at="2019-04-15T00:32:05Z">
    <groups>
    </groups>
    <test name="Test" duration-ms="8052" started-at="2019-04-15T00:31:57Z" finished-at="2019-04-15T00:32:05Z">
      <class name="org.chl.testcases.Property_List_page_test">
        <test-method status="FAIL" signature="tc001()[pri:0, instance:org.chl.testcases.Property_List_page_test@1bce4f0a]" name="tc001" duration-ms="4" started-at="2019-04-15T00:32:05Z" finished-at="2019-04-15T00:32:05Z">
          <exception class="java.lang.NullPointerException">
            <full-stacktrace>
              <![CDATA[java.lang.NullPointerException
at org.chl.pages.Property_list_page.property_list(Property_list_page.java:19)
at org.chl.testcases.Property_List_page_test.tc001(Property_List_page_test.java:12)
at sun.reflect.NativeMethodAccessorImpl.invoke0(Native Method)
at sun.reflect.NativeMethodAccessorImpl.invoke(NativeMethodAccessorImpl.java:62)
at sun.reflect.DelegatingMethodAccessorImpl.invoke(DelegatingMethodAccessorImpl.java:43)
at java.lang.reflect.Method.invoke(Method.java:498)
at org.testng.internal.MethodInvocationHelper.invokeMethod(MethodInvocationHelper.java:124)
at org.testng.internal.Invoker.invokeMethod(Invoker.java:583)
at org.testng.internal.Invoker.invokeTestMethod(Invoker.java:719)
at org.testng.internal.Invoker.invokeTestMethods(Invoker.java:989)
at org.testng.internal.TestMethodWorker.invokeTestMethods(TestMethodWorker.java:125)
at org.testng.internal.TestMethodWorker.run(TestMethodWorker.java:109)
at org.testng.TestRunner.privateRun(TestRunner.java:648)
at org.testng.TestRunner.run(TestRunner.java:505)
at org.testng.SuiteRunner.runTest(SuiteRunner.java:455)
at org.testng.SuiteRunner.runSequentially(SuiteRunner.java:450)
at org.testng.SuiteRunner.privateRun(SuiteRunner.java:415)
at org.testng.SuiteRunner.run(SuiteRunner.java:364)
at org.testng.SuiteRunnerWorker.runSuite(SuiteRunnerWorker.java:52)
at org.testng.SuiteRunnerWorker.run(SuiteRunnerWorker.java:84)
at org.testng.TestNG.runSuitesSequentially(TestNG.java:1208)
at org.testng.TestNG.runSuitesLocally(TestNG.java:1137)
at org.testng.TestNG.runSuites(TestNG.java:1049)
at org.testng.TestNG.run(TestNG.java:1017)
at org.testng.remote.AbstractRemoteTestNG.run(AbstractRemoteTestNG.java:114)
at org.testng.remote.RemoteTestNG.initAndRun(RemoteTestNG.java:251)
at org.testng.remote.RemoteTestNG.main(RemoteTestNG.java:77)
]]>
            </full-stacktrace>
          </exception> <!-- java.lang.NullPointerException -->
          <reporter-output>
          </reporter-output>
        </test-method> <!-- tc001 -->
      </class> <!-- org.chl.testcases.Property_List_page_test -->
      <class name="org.chl.testcases.Landing_page_test">
        <test-method status="PASS" signature="startBrowser()[pri:0, instance:org.chl.testcases.Landing_page_test@3bfdc050]" name="startBrowser" is-config="true" duration-ms="15923" started-at="2019-04-15T00:31:41Z" finished-at="2019-04-15T00:31:57Z">
          <reporter-output>
          </reporter-output>
        </test-method> <!-- startBrowser -->
        <test-method status="PASS" signature="tc001()[pri:0, instance:org.chl.testcases.Landing_page_test@3bfdc050]" name="tc001" duration-ms="7989" started-at="2019-04-15T00:31:57Z" finished-at="2019-04-15T00:32:05Z">
          <reporter-output>
          </reporter-output>
        </test-method> <!-- tc001 -->
        <test-method status="PASS" signature="closeBrowser()[pri:0, instance:org.chl.testcases.Landing_page_test@3bfdc050]" name="closeBrowser" is-config="true" duration-ms="311" started-at="2019-04-15T00:32:10Z" finished-at="2019-04-15T00:32:11Z">
          <reporter-output>
          </reporter-output>
        </test-method> <!-- closeBrowser -->
      </class> <!-- org.chl.testcases.Landing_page_test -->
    </test> <!-- Test -->
  </suite> <!-- Suite -->
</testng-results>
